#
# A fatal error has been detected by the Java Runtime Environment:
#
#  SIGSEGV (0xb) at pc=0x00007fd88ed1c3eb, pid=1428941, tid=1428961
#
# JRE version: OpenJDK Runtime Environment 18.9 (11.0.8+10) (build 11.0.8+10)
# Java VM: OpenJDK 64-Bit Server VM 18.9 (11.0.8+10, mixed mode, sharing, tiered, compressed oops, g1 gc, linux-amd64)
# Problematic frame:
# C  [libjimage.so+0x33eb]  ImageStrings::find(Endian*, char const*, int*, unsigned int)+0x6b
#
# Core dump will be written. Default location: Core dumps may be processed with "/usr/lib/systemd/systemd-coredump %P %u %g %s %t %c %h" (or dumping to /s/chopin/b/grad/sapmitra/workspace/RIG/core.1428941)
#
# If you would like to submit a bug report, please visit:
#   https://bugzilla.redhat.com/enter_bug.cgi?product=Fedora&component=java-11-openjdk&version=32
#

---------------  S U M M A R Y ------------

Command Line: -agentlib:jdwp=transport=dt_socket,suspend=y,address=localhost:40323 -javaagent:/s/chopin/b/grad/sapmitra/.eclipse/org.eclipse.platform_155965261_linux_gtk_x86_64/configuration/org.eclipse.osgi/9747/0/.cp/lib/javaagent-shaded.jar -Dfile.encoding=UTF-8 test.TestInitRIG

Host: Intel(R) Xeon(R) CPU           X3450  @ 2.67GHz, 8 cores, 7G, Fedora release 32 (Thirty Two)
Time: Fri Oct  2 17:29:56 2020 MDT elapsed time: 30 seconds (0d 0h 0m 30s)

---------------  T H R E A D  ---------------

Current thread (0x00007fd888190000):  JavaThread "Signal Dispatcher" daemon [_thread_in_vm, id=1428961, stack(0x00007fd870500000,0x00007fd870601000)]

Stack: [0x00007fd870500000,0x00007fd870601000],  sp=0x00007fd8705fe070,  free space=1016k
Native frames: (J=compiled Java code, A=aot compiled Java code, j=interpreted, Vv=VM code, C=native code)
C  [libjimage.so+0x33eb]  ImageStrings::find(Endian*, char const*, int*, unsigned int)+0x6b
C  [libjimage.so+0x40b1]  ImageFileReader::find_location_index(char const*, unsigned long long*) const+0x51
C  [libjimage.so+0x4651]  JIMAGE_FindResource+0x111
V  [libjvm.so+0x5ecc80]